<?xml version="1.0" encoding="UTF-8"?>
<!-- Generated by org.testng.reporters.JUnitReportReporter -->
<testsuite skipped="0" hostname="RakSan-HP32" name="com.qa.tests.Regression" tests="2" failures="0" timestamp="08 May 2018 15:28:59 GMT" time="0.032" errors="0">
  <testcase name="R1" time="0.032" classname="com.qa.tests.Regression"/>
  <testcase name="R2" time="0.000" classname="com.qa.tests.Regression"/>
</testsuite> <!-- com.qa.tests.Regression -->
