<?xml version="1.0" encoding="UTF-8"?>
<!-- Generated by org.testng.reporters.JUnitReportReporter -->
<testsuite skipped="0" hostname="RakSan-HP32" name="com.qa.tests.RegressionTest" tests="2" failures="0" timestamp="08 May 2018 16:09:31 GMT" time="0.000" errors="0">
  <testcase name="R2" time="0.000" classname="com.qa.tests.RegressionTest"/>
  <testcase name="R1" time="0.000" classname="com.qa.tests.RegressionTest"/>
</testsuite> <!-- com.qa.tests.RegressionTest -->
