<?xml version="1.0" encoding="UTF-8"?>
<!-- Generated by org.testng.reporters.JUnitReportReporter -->
<testsuite skipped="0" hostname="RakSan-HP32" name="Phantomjsdemo" tests="1" failures="0" timestamp="31 May 2018 11:16:44 GMT" time="0.017" errors="0">
  <testcase name="VerifyfacebookTitle" time="0.017" classname="Phantomjsdemo"/>
</testsuite> <!-- Phantomjsdemo -->
